42.0	7.80057766966998
30.000000000000004	5.434552265885541
30.000000000000007	7.166603073454418
42.00000000000001	7.80057766966998
20.0	3.24394171108128
20.000000000000004	4.206260025984426
20.000000000000004	4.8513382983299005
20.0	5.007124677523718
20.0	5.369044142733725
20.000000000000004	5.387999321349934
30.0	5.43455226588554
20.000000000000004	5.603654769932047
20.0	5.9529353640388445
19.999999999999996	5.980312790740523
19.999999999999996	6.426066008736711
19.999999999999993	6.649450944084399
19.999999999999996	6.742892158106328
19.999999999999996	6.996955793267533
20.0	7.1527823845930865
30.0	7.16660307345442
20.0	7.437906654547236
41.99999999999999	7.80057766966998
12.000000000000002	1.4289531431214777
12.000000000000004	2.7782160615843265
20.00000000000001	3.2439417110812805
11.999999999999996	3.250345495741443
12.000000000000002	3.2877473281114726
12.000000000000002	3.3823924930178224
12.000000000000002	3.7287530345761186
11.999999999999998	3.884943172830134
12.0	3.9011551270787743
11.999999999999998	4.204961350162025
19.999999999999996	4.206260025984426
12.000000000000002	4.233895446501769
11.999999999999998	4.311661551390093
12.000000000000002	4.441611515136814
11.999999999999998	4.5749647014925445
11.999999999999995	4.688782539393953
12.000000000000002	4.783211805542934
11.999999999999996	4.8005776696699805
20.0	4.851338298329899
12.0	4.922536719865489
12.0	5.00022744339728
19.999999999999996	5.00712467752372
12.0	5.046774604034375
11.999999999999998	5.209923837268232
11.999999999999998	5.289348152836384
20.000000000000004	5.369044142733726
11.999999999999996	5.381256247459768
20.0	5.387999321349935
29.999999999999993	5.434552265885542
12.0	5.4883506105339634
12.0	5.499246929875778
20.0	5.603654769932047
11.999999999999998	5.698576709956785
11.999999999999998	5.790506169844662
11.999999999999996	5.804880017064746
11.999999999999998	5.952266648582909
20.000000000000004	5.952935364038845
20.0	5.980312790740524
11.999999999999998	6.040907913131089
11.999999999999998	6.311490327863265
20.000000000000007	6.426066008736711
12.000000000000002	6.432283429197019
11.999999999999996	6.442151244632719
19.99999999999999	6.649450944084398
12.0	6.729889995865027
11.999999999999995	6.737982545944
19.999999999999996	6.742892158106329
12.0	6.7802462860927495
20.0	6.996955793267533
19.999999999999996	7.152782384593088
29.999999999999993	7.166603073454419
12.000000000000004	7.181582663435485
11.999999999999998	7.198772845555842
20.0	7.437906654547238
41.99999999999999	7.80057766966998
5.999999999999999	2.6645352591003757e-15
5.999999999999999	1.4023318939366316
6.0	1.4278898796147037
12.0	1.4289531431214795
6.0	2.0499398645489846
6.000000000000001	2.1350982022490745
6.0	2.2510742389620186
6.000000000000001	2.478940059031135
5.999999999999997	2.5802984386041787
6.000000000000003	2.7053501840511145
6.0	2.748414591796669
11.999999999999996	2.7782160615843248
5.999999999999998	2.8021073710501603
6.000000000000002	2.9317141275191134
6.000000000000002	3.077924031643641
5.9999999999999964	3.122281307276716
6.000000000000002	3.1546020936953507
19.999999999999996	3.2439417110812805
11.999999999999998	3.250345495741443
12.000000000000007	3.2877473281114726
6.000000000000002	3.326426651856238
5.999999999999998	3.33501945349344
12.000000000000004	3.382392493017823
6.0	3.448841161622267
5.999999999999999	3.5008968093158694
5.999999999999997	3.582681773661637
6.0	3.6530907793565826
5.999999999999997	3.711810713864752
12.000000000000007	3.728753034576119
5.999999999999998	3.774607201936914
6.0	3.850473423495684
6.0	3.882551103837482
11.999999999999998	3.884943172830134
12.000000000000004	3.9011551270787748
6.0	4.0003815262137215
6.0	4.032469081087038
6.000000000000001	4.12444962464592
5.999999999999999	4.16804389263386
12.0	4.204961350162024
20.000000000000007	4.2062600259844265
6.0000000000000036	4.210388160027105
12.0	4.23389544650177
5.999999999999998	4.260634247278557
6.000000000000003	4.303898885115988
11.999999999999996	4.3116615513900935
6.0	4.317437633505775
6.000000000000002	4.346377230337343
6.000000000000002	4.419427017605591
12.000000000000005	4.441611515136815
5.999999999999999	4.493401851093034
11.999999999999998	4.5749647014925445
6.000000000000001	4.61762055857469
5.999999999999999	4.6203689144741
11.999999999999995	4.688782539393953
6.000000000000002	4.7477619866323595
6.0	4.774809140817037
11.999999999999993	4.783211805542934
11.999999999999998	4.80057766966998
5.999999999999998	4.843910912985276
6.000000000000001	4.846287759104745
19.999999999999996	4.851338298329899
6.0	4.884274792889268
12.000000000000005	4.922536719865489
6.000000000000001	4.934579318308599
6.0	4.967179161521631
5.999999999999999	4.9803402515680295
6.0	4.995670171904586
11.999999999999995	5.00022744339728
20.000000000000004	5.007124677523718
12.0	5.046774604034375
6.0	5.111492545466471
6.0	5.173760874458414
5.999999999999999	5.183832021737758
12.00000000000001	5.2099238372682315
6.000000000000003	5.225993960820101
12.000000000000004	5.289348152836383
6.0	5.346751444299808
20.0	5.369044142733725
12.000000000000004	5.381256247459768
19.999999999999996	5.387999321349934
6.0000000000000036	5.400526787611764
6.000000000000002	5.405466544534936
29.999999999999996	5.434552265885541
12.000000000000005	5.488350610533963
6.000000000000002	5.489937089938763
12.0	5.499246929875778
20.0	5.603654769932047
5.999999999999998	5.623335321336238
11.999999999999996	5.698576709956784
5.999999999999999	5.75121853667218
5.999999999999998	5.765927740624358
12.000000000000002	5.790506169844659
11.999999999999998	5.804880017064746
5.999999999999999	5.8666948215349555
5.999999999999999	5.938164939527801
12.000000000000002	5.952266648582908
19.999999999999993	5.9529353640388445
20.000000000000007	5.980312790740523
12.000000000000004	6.040907913131088
6.000000000000001	6.0970670889518015
6.0	6.10581023650896
5.9999999999999964	6.156887143796814
6.0	6.265160807724781
5.999999999999997	6.305854141325057
12.000000000000004	6.311490327863265
5.999999999999999	6.366745165059192
20.0	6.4260660087367105
12.000000000000002	6.432283429197018
12.000000000000004	6.4421512446327185
5.999999999999999	6.4923794289173715
6.0	6.640227429765888
19.999999999999993	6.649450944084398
5.999999999999999	6.652530072492052
5.999999999999998	6.697540903385942
12.000000000000005	6.729889995865026
12.000000000000002	6.737982545943999
20.000000000000007	6.7428921581063275
12.000000000000005	6.780246286092749
6.000000000000002	6.788728518615505
19.999999999999993	6.996955793267533
6.000000000000001	6.997005230267044
20.0	7.152782384593088
29.99999999999999	7.166603073454419
12.00000000000001	7.181582663435485
12.000000000000002	7.198772845555841
6.0	7.2838489450178905
5.999999999999999	7.285782340442024
20.000000000000007	7.437906654547235
42.000000000000036	7.80057766966998
6.000000000000003	3.552713678800501e-15
1.9999999999999991	0.8082137713745587
1.9999999999999991	1.2401131282203646
6.000000000000001	1.4023318939366325
6.000000000000001	1.4278898796147046
11.999999999999996	1.4289531431214795
2.0000000000000004	1.6592480565743868
2.000000000000001	1.7246108915113774
2.0000000000000004	1.870279493383574
1.9999999999999996	2.038729291413658
5.999999999999998	2.0499398645489824
6.0000000000000036	2.135098202249074
2.0	2.1461714705656183
2.0	2.1601540374681143
5.999999999999999	2.251074238962019
1.9999999999999991	2.448401894662167
6.000000000000002	2.478940059031135
2.0000000000000004	2.5316997860256274
1.9999999999999998	2.5660589434779566
5.999999999999996	2.5802984386041783
1.999999999999999	2.700716483119031
6.000000000000001	2.705350184051115
5.999999999999998	2.748414591796669
12.000000000000005	2.778216061584326
6.0000000000000036	2.80210737105016
2.0000000000000004	2.8310342576434655
1.9999999999999996	2.8394923210372074
2.0000000000000004	2.8554673706563136
6.000000000000002	2.9317141275191134
2.0000000000000004	3.02513328800363
1.9999999999999996	3.070422777325007
6.000000000000003	3.077924031643641
5.999999999999999	3.1222813072767157
1.9999999999999998	3.126132457943852
6.0	3.1546020936953507
1.9999999999999996	3.188024211486111
19.999999999999996	3.2439417110812805
12.0	3.2503454957414424
11.999999999999996	3.2877473281114726
2.0000000000000004	3.317031287717553
5.999999999999998	3.326426651856238
5.999999999999998	3.335019453493439
2.0	3.339960758346087
2.0000000000000004	3.362166327544242
11.999999999999996	3.3823924930178224
5.999999999999999	3.448841161622267
1.9999999999999998	3.4842355364466826
6.000000000000003	3.5008968093158694
1.9999999999999998	3.5133845447746155
2.000000000000001	3.575589297371841
6.000000000000002	3.582681773661636
2.000000000000001	3.6170810645380973
6.000000000000001	3.6530907793565826
2.000000000000001	3.7034564579554567
5.999999999999998	3.711810713864751
12.000000000000002	3.728753034576119
1.9999999999999991	3.7521344554452885
5.999999999999997	3.7746072019369143
1.9999999999999996	3.8077069451235332
6.000000000000003	3.850473423495683
6.0000000000000036	3.882551103837482
12.0	3.884943172830134
1.9999999999999998	3.8982066193796707
12.0	3.9011551270787743
1.9999999999999991	3.9934356876856514
6.0	4.000381526213721
5.9999999999999964	4.032469081087038
2.000000000000001	4.07588075451803
2.0	4.094109173399836
5.999999999999999	4.12444962464592
2.0000000000000004	4.146131186143877
6.000000000000001	4.168043892633859
12.000000000000005	4.204961350162024
19.99999999999998	4.206260025984426
2.0000000000000004	4.209747139887368
6.0	4.210388160027105
12.000000000000004	4.233895446501769
2.000000000000001	4.246704448939058
6.0000000000000036	4.260634247278557
5.999999999999999	4.303898885115988
12.000000000000005	4.311661551390093
6.000000000000001	4.317437633505775
5.9999999999999964	4.346377230337343
2.0000000000000004	4.362606692057971
1.9999999999999987	4.369829883485507
6.0	4.419427017605591
12.000000000000005	4.441611515136815
2.0	4.464538377669254
6.000000000000003	4.493401851093034
2.0000000000000013	4.565320943135278
11.999999999999995	4.574964701492545
2.0	4.581826857159932
2.000000000000001	4.604895753857847
6.000000000000001	4.61762055857469
5.999999999999997	4.6203689144741
2.0	4.636370562410274
12.000000000000002	4.688782539393954
2.0000000000000013	4.697377171059777
2.0	4.712682309688241
1.9999999999999998	4.731375576458026
6.0	4.74776198663236
6.0	4.774809140817037
11.999999999999996	4.783211805542934
11.999999999999993	4.80057766966998
5.999999999999999	4.843910912985277
5.999999999999997	4.846287759104745
20.000000000000004	4.8513382983299
5.999999999999996	4.884274792889267
2.0000000000000004	4.917066991873679
12.000000000000002	4.922536719865489
5.9999999999999964	4.934579318308599
6.0	4.967179161521631
5.999999999999998	4.9803402515680295
6.000000000000001	4.995670171904586
11.999999999999996	5.00022744339728
2.0000000000000004	5.006574396426591
20.000000000000007	5.007124677523718
2.0	5.020086721872404
12.000000000000004	5.046774604034375
2.0	5.071810026392454
6.000000000000007	5.111492545466472
2.0000000000000004	5.123871866944177
1.9999999999999991	5.151081000105718
6.000000000000002	5.173760874458414
5.999999999999998	5.183832021737757
12.000000000000002	5.2099238372682315
5.999999999999994	5.225993960820101
2.000000000000001	5.2572121898244975
11.999999999999998	5.289348152836383
6.0	5.346751444299808
2.0	5.355026969686845
2.0000000000000004	5.368692205592151
19.999999999999996	5.369044142733725
12.0	5.381256247459769
19.99999999999999	5.387999321349935
6.0	5.400526787611764
6.000000000000002	5.405466544534936
2.0000000000000013	5.407434443591441
30.000000000000007	5.434552265885541
12.000000000000009	5.488350610533962
6.0	5.4899370899387625
11.999999999999998	5.499246929875778
1.999999999999999	5.5642877085679245
19.999999999999993	5.603654769932047
6.000000000000002	5.6233353213362385
2.0000000000000004	5.632265120369164
2.000000000000001	5.644612044356297
11.999999999999993	5.698576709956785
5.999999999999998	5.75121853667218
5.999999999999999	5.765927740624358
2.0	5.766937436305652
12.0	5.79050616984466
11.999999999999995	5.804880017064746
5.999999999999997	5.8666948215349555
1.9999999999999991	5.899345965512483
1.9999999999999998	5.918113059088291
5.999999999999999	5.938164939527802
11.999999999999993	5.952266648582908
20.000000000000004	5.9529353640388445
20.000000000000004	5.980312790740523
12.0	6.040907913131088
6.000000000000001	6.0970670889518015
5.999999999999999	6.10581023650896
5.999999999999999	6.156887143796815
2.0	6.164026280833876
6.0	6.265160807724781
2.0000000000000004	6.299277698735493
5.999999999999998	6.305854141325057
1.9999999999999996	6.311071834904553
12.000000000000002	6.311490327863265
6.0000000000000036	6.366745165059192
2.0	6.400649498891456
20.0	6.4260660087367105
12.000000000000004	6.432283429197018
12.000000000000005	6.4421512446327185
6.000000000000001	6.492379428917372
2.000000000000001	6.6343779697576535
6.000000000000002	6.640227429765889
19.999999999999996	6.649450944084398
5.999999999999998	6.652530072492054
5.9999999999999964	6.697540903385943
2.0	6.719664432059806
12.000000000000002	6.729889995865026
12.0	6.737982545944
20.000000000000004	6.742892158106328
11.999999999999988	6.7802462860927495
6.000000000000003	6.788728518615505
2.000000000000001	6.912483601444956
19.999999999999986	6.996955793267533
6.000000000000004	6.997005230267045
20.00000000000002	7.152782384593088
30.00000000000002	7.166603073454418
12.00000000000001	7.181582663435485
12.000000000000005	7.198772845555841
6.000000000000001	7.283848945017892
6.000000000000002	7.285782340442024
19.999999999999982	7.437906654547237
41.99999999999987	7.8005776696699805
6.000000000000007	0.0
-1.1950239582305128e-16	0.7549226193555221
2.000000000000001	0.8082137713745605
-1.0808604193918678e-16	1.0457666259656135
2.4898132265633617e-16	1.1369020737569673
2.0	1.2401131282203672
6.000000000000003	1.402331893936633
5.999999999999997	1.4278898796147037
12.0	1.42895314312148
2.0000000000000004	1.6592480565743895
2.0	1.7246108915113756
-1.1813731306624394e-16	1.8080460334703194
-8.240465698844038e-17	1.8349726918216942
2.000000000000001	1.8702794933835745
1.9999999999999991	2.038729291413659
6.000000000000002	2.049939864548983
-8.09522170233838e-17	2.1000135709898338
6.000000000000001	2.1350982022490745
2.0000000000000013	2.1461714705656183
2.000000000000001	2.160154037468116
6.000000000000002	2.2510742389620195
-1.8370613924407686e-16	2.3297801490274965
2.0	2.448401894662169
-1.1166461596552005e-16	2.4597189181247394
5.9999999999999964	2.4789400590311352
1.9999999999999998	2.531699786025628
1.9999999999999996	2.5660589434779566
6.000000000000003	2.5802984386041783
1.999999999999999	2.7007164831190313
6.000000000000002	2.7053501840511145
-6.194308091044279e-17	2.7164247521289013
5.999999999999996	2.7484145917966694
11.999999999999998	2.7782160615843257
6.0	2.8021073710501603
1.9999999999999993	2.8310342576434655
2.0000000000000013	2.839492321037208
1.9999999999999993	2.8554673706563136
6.000000000000003	2.931714127519113
-1.652221559690735e-16	2.9522272798737323
-3.4376813174866515e-17	2.9791129547255317
2.0	3.0251332880036292
2.0	3.0704227773250086
5.999999999999998	3.07792403164364
5.999999999999995	3.122281307276716
2.0000000000000004	3.126132457943851
5.999999999999999	3.1546020936953507
2.353110106434454e-17	3.159152259149389
2.0	3.188024211486111
20.0	3.2439417110812805
12.000000000000004	3.250345495741442
1.1115344460373822e-16	3.279624912764807
11.999999999999998	3.287747328111472
1.9999999999999991	3.317031287717553
5.999999999999999	3.326426651856238
6.000000000000003	3.3350194534934396
2.0	3.339960758346087
2.0000000000000004	3.362166327544242
12.000000000000004	3.3823924930178224
6.000000000000003	3.4488411616222665
9.382269545673896e-17	3.4803922434233607
2.0000000000000004	3.4842355364466817
6.000000000000002	3.500896809315869
1.9999999999999987	3.513384544774616
-9.943710732272967e-18	3.527819677497752
2.000000000000001	3.575589297371841
5.999999999999998	3.582681773661636
2.0	3.6170810645380964
-6.059020422573749e-17	3.650213307510445
6.0	3.6530907793565826
2.000000000000001	3.7034564579554567
6.000000000000001	3.7118107138647516
12.0	3.728753034576119
-2.9868591435401105e-16	3.736303305781375
1.9999999999999993	3.7521344554452893
6.0	3.774607201936914
2.000000000000001	3.807706945123533
1.019795837500571e-17	3.8473697094975785
5.999999999999999	3.8504734234956834
5.999999999999997	3.8825511038374816
12.000000000000004	3.8849431728301345
2.0000000000000004	3.898206619379671
11.999999999999996	3.9011551270787748
2.0000000000000004	3.9934356876856514
5.999999999999997	4.000381526213721
6.000000000000002	4.032469081087037
1.9999999999999996	4.075880754518031
1.9999999999999991	4.094109173399836
6.000000000000002	4.124449624645919
2.0	4.146131186143878
6.000000000000004	4.168043892633859
-3.91355012746392e-17	4.170890937996951
11.999999999999996	4.204961350162025
19.999999999999996	4.2062600259844265
1.9999999999999982	4.209747139887368
6.000000000000004	4.210388160027105
5.4290000000657254e-17	4.220216233673735
12.000000000000005	4.23389544650177
2.000000000000001	4.246704448939057
6.0000000000000036	4.260634247278557
-6.392017300450202e-17	4.285499741583676
6.0	4.303898885115989
12.000000000000007	4.311661551390093
5.999999999999999	4.317437633505775
5.999999999999998	4.346377230337343
1.9999999999999996	4.362606692057972
-3.429309856817211e-17	4.367790825982071
2.0	4.369829883485506
5.999999999999998	4.419427017605591
12.0	4.441611515136815
2.000000000000001	4.464538377669253
6.000000000000003	4.493401851093035
6.060811493358996e-17	4.5059733747496455
7.798312745535229e-19	4.544427761915507
2.0000000000000004	4.565320943135278
11.999999999999995	4.5749647014925445
1.9999999999999991	4.581826857159931
2.0	4.604895753857846
5.9999999999999964	4.61762055857469
6.000000000000003	4.6203689144741
2.0000000000000013	4.636370562410274
-8.030945879584965e-17	4.650962014154826
11.999999999999995	4.688782539393954
2.0000000000000018	4.697377171059777
1.9999999999999998	4.712682309688241
2.0000000000000018	4.731375576458026
6.000000000000002	4.74776198663236
5.999999999999997	4.774809140817037
1.542016728731543e-17	4.776089618082651
11.999999999999995	4.783211805542935
11.999999999999995	4.80057766966998
5.999999999999998	4.843910912985277
6.000000000000004	4.846287759104745
20.000000000000004	4.8513382983299
5.999999999999999	4.884274792889267
2.0	4.91706699187368
11.999999999999998	4.922536719865489
-1.7273199666325046e-16	4.929637594503603
6.0	4.934579318308599
6.000000000000001	4.967179161521631
5.999999999999997	4.9803402515680295
5.999999999999998	4.995670171904587
12.000000000000007	5.00022744339728
2.0000000000000013	5.006574396426591
20.0	5.007124677523719
1.9999999999999993	5.020086721872403
12.000000000000005	5.0467746040343755
2.0000000000000004	5.071810026392454
-5.566263702063286e-17	5.102768334310604
5.999999999999998	5.111492545466472
1.9999999999999991	5.123871866944178
1.9999999999999998	5.151081000105718
6.0000000000000036	5.173760874458414
5.999999999999999	5.183832021737757
12.000000000000007	5.2099238372682315
5.999999999999993	5.225993960820101
1.9999999999999982	5.2572121898244975
12.000000000000005	5.289348152836382
6.000000000000003	5.346751444299808
1.9999999999999996	5.355026969686845
-1.211797666325076e-16	5.362513095281685
1.9999999999999991	5.368692205592151
20.0	5.369044142733725
12.000000000000007	5.381256247459768
20.0	5.387999321349934
6.0	5.400526787611764
-4.2861283129560687e-17	5.401484784075553
5.999999999999999	5.405466544534936
2.0	5.407434443591442
29.999999999999996	5.434552265885541
12.0	5.488350610533962
6.000000000000005	5.489937089938763
-1.289618170623596e-16	5.493734559187724
12.000000000000002	5.499246929875777
2.000000000000001	5.5642877085679245
19.99999999999999	5.603654769932047
6.000000000000003	5.6233353213362385
1.9999999999999991	5.632265120369166
1.9999999999999991	5.644612044356297
11.999999999999993	5.698576709956785
5.999999999999999	5.751218536672181
-1.5321121123878607e-17	5.759528419630427
6.000000000000005	5.765927740624359
2.0000000000000004	5.766937436305652
11.999999999999998	5.79050616984466
12.000000000000005	5.804880017064746
5.999999999999999	5.8666948215349555
3.502668982519147e-17	5.884850393009675
2.0	5.899345965512484
2.0000000000000004	5.918113059088291
6.0	5.938164939527802
11.999999999999998	5.952266648582909
20.00000000000001	5.952935364038845
20.0	5.980312790740523
-1.93840665349184e-16	6.023572629939771
11.999999999999995	6.040907913131088
6.0	6.097067088951802
6.0	6.105810236508961
5.9999999999999964	6.156887143796816
2.0000000000000004	6.164026280833874
-1.273448128387851e-16	6.218942642698196
6.0	6.265160807724781
3.4656774940944955e-17	6.271295121672546
1.9999999999999996	6.2992776987354935
6.000000000000004	6.305854141325057
1.9999999999999991	6.311071834904554
12.000000000000004	6.311490327863265
5.999999999999998	6.366745165059192
1.9999999999999996	6.400649498891456
19.999999999999993	6.4260660087367105
12.000000000000002	6.4322834291970175
11.999999999999998	6.442151244632718
6.000000000000003	6.492379428917372
2.0	6.634377969757653
-2.1869526291657264e-16	6.63935778108468
6.0	6.640227429765886
20.00000000000001	6.649450944084397
5.999999999999998	6.652530072492053
5.9999999999999964	6.697540903385941
1.999999999999999	6.719664432059805
12.000000000000009	6.729889995865026
12.0	6.737982545943998
20.000000000000007	6.742892158106329
12.000000000000004	6.780246286092748
6.0	6.788728518615505
2.0000000000000013	6.912483601444956
20.0	6.996955793267533
5.999999999999999	6.997005230267044
-1.4745110948006053e-16	7.01365249906064
19.999999999999996	7.152782384593088
30.000000000000018	7.16660307345442
12.000000000000005	7.181582663435487
12.000000000000005	7.198772845555843
5.9999999999999964	7.2838489450178905
6.000000000000003	7.285782340442025
20.000000000000018	7.437906654547236
42.000000000000114	7.80057766966998
6.0	1.7763568394002505e-15
1.9999999999999996	0.8082137713745587
2.0	1.2401131282203677
5.999999999999999	1.402331893936632
5.999999999999999	1.4278898796147037
12.000000000000007	1.428953143121479
1.9999999999999987	1.6592480565743886
1.9999999999999991	1.7246108915113783
2.0000000000000018	1.8702794933835754
2.0	2.0387292914136586
5.9999999999999964	2.049939864548983
5.999999999999996	2.135098202249075
2.0000000000000004	2.146171470565617
1.9999999999999996	2.1601540374681143
6.000000000000002	2.2510742389620195
1.9999999999999991	2.4484018946621675
6.000000000000002	2.4789400590311352
2.0000000000000013	2.5316997860256283
2.0000000000000013	2.566058943477956
5.999999999999999	2.580298438604178
2.0	2.7007164831190313
6.0000000000000036	2.705350184051114
5.999999999999996	2.74841459179667
12.000000000000007	2.778216061584326
5.999999999999997	2.8021073710501607
2.000000000000001	2.8310342576434664
2.0	2.839492321037208
2.0000000000000004	2.855467370656314
6.0000000000000036	2.931714127519113
1.9999999999999996	3.02513328800363
2.0000000000000013	3.070422777325007
6.000000000000002	3.077924031643641
5.999999999999998	3.1222813072767157
1.9999999999999998	3.126132457943851
6.0	3.154602093695351
1.9999999999999996	3.1880242114861117
19.999999999999993	3.2439417110812805
12.000000000000004	3.2503454957414424
11.999999999999998	3.287747328111472
2.0000000000000004	3.317031287717553
5.999999999999998	3.326426651856238
6.000000000000002	3.33501945349344
1.9999999999999991	3.3399607583460877
2.0	3.3621663275442426
12.000000000000002	3.3823924930178224
6.000000000000002	3.4488411616222665
1.9999999999999991	3.4842355364466826
5.999999999999997	3.500896809315869
1.9999999999999996	3.513384544774616
1.9999999999999996	3.5755892973718404
5.999999999999999	3.582681773661636
1.9999999999999996	3.6170810645380964
5.999999999999998	3.6530907793565826
2.0000000000000004	3.7034564579554576
6.0000000000000036	3.711810713864752
12.000000000000002	3.728753034576119
2.0000000000000004	3.752134455445288
6.0	3.774607201936914
2.0	3.807706945123533
6.0	3.8504734234956834
6.000000000000001	3.882551103837482
11.999999999999998	3.8849431728301345
2.0	3.898206619379671
12.0	3.9011551270787748
2.0	3.9934356876856514
6.0	4.0003815262137215
5.999999999999999	4.032469081087037
2.0000000000000004	4.07588075451803
1.9999999999999998	4.094109173399837
5.999999999999999	4.12444962464592
2.0	4.146131186143878
5.999999999999999	4.16804389263386
11.999999999999998	4.204961350162024
20.00000000000001	4.2062600259844265
2.0000000000000004	4.209747139887368
6.000000000000002	4.210388160027105
11.999999999999996	4.23389544650177
2.0	4.246704448939058
6.000000000000002	4.260634247278556
6.000000000000001	4.303898885115988
12.000000000000009	4.311661551390093
5.999999999999999	4.317437633505775
5.999999999999998	4.346377230337343
1.9999999999999991	4.362606692057972
2.0000000000000004	4.369829883485507
5.999999999999999	4.419427017605591
12.000000000000007	4.441611515136815
2.0	4.464538377669253
6.0	4.493401851093034
2.0	4.565320943135278
12.0	4.574964701492545
1.9999999999999984	4.581826857159932
1.9999999999999996	4.604895753857847
6.0	4.61762055857469
6.000000000000003	4.6203689144741
1.9999999999999996	4.636370562410273
12.000000000000004	4.688782539393954
2.0000000000000013	4.697377171059777
2.000000000000001	4.712682309688241
2.0000000000000013	4.731375576458026
6.0	4.7477619866323595
6.000000000000002	4.774809140817037
12.000000000000007	4.783211805542934
12.0	4.80057766966998
6.0000000000000036	4.843910912985276
5.999999999999998	4.846287759104744
20.000000000000004	4.8513382983299
6.0	4.884274792889267
2.0000000000000004	4.917066991873679
11.999999999999993	4.922536719865489
5.999999999999998	4.934579318308599
5.999999999999998	4.967179161521631
6.000000000000002	4.9803402515680295
6.0	4.995670171904587
12.000000000000007	5.00022744339728
2.0	5.006574396426591
20.0	5.007124677523719
1.9999999999999991	5.020086721872404
12.0	5.046774604034375
2.0000000000000004	5.071810026392454
5.999999999999999	5.111492545466472
2.0	5.123871866944177
2.0	5.151081000105719
6.000000000000002	5.173760874458413
5.999999999999998	5.183832021737757
11.999999999999995	5.2099238372682315
6.0	5.225993960820101
2.0000000000000013	5.2572121898244975
11.999999999999996	5.289348152836383
6.000000000000001	5.346751444299808
2.0	5.355026969686845
2.0	5.36869220559215
20.000000000000004	5.369044142733726
11.999999999999988	5.381256247459768
20.000000000000004	5.387999321349935
6.000000000000001	5.4005267876117635
6.0	5.405466544534935
2.0000000000000004	5.407434443591441
30.000000000000007	5.434552265885541
11.999999999999995	5.488350610533963
6.000000000000002	5.489937089938763
11.999999999999995	5.499246929875778
1.9999999999999996	5.564287708567925
19.999999999999996	5.603654769932047
5.999999999999999	5.623335321336238
1.9999999999999982	5.632265120369164
1.9999999999999982	5.644612044356297
12.000000000000002	5.698576709956784
5.999999999999998	5.75121853667218
6.0	5.765927740624358
2.0000000000000004	5.766937436305652
12.000000000000005	5.79050616984466
12.0	5.804880017064745
5.9999999999999964	5.8666948215349555
2.0000000000000004	5.899345965512483
1.9999999999999996	5.9181130590882915
5.999999999999997	5.938164939527802
12.0	5.952266648582909
19.999999999999986	5.952935364038845
20.000000000000025	5.980312790740523
11.999999999999995	6.040907913131088
6.000000000000001	6.097067088951802
5.9999999999999964	6.105810236508961
5.999999999999997	6.156887143796815
2.000000000000001	6.164026280833876
5.999999999999997	6.265160807724782
2.0000000000000018	6.2992776987354935
6.000000000000002	6.305854141325057
2.0000000000000004	6.311071834904554
12.000000000000005	6.311490327863265
6.000000000000001	6.366745165059193
1.9999999999999993	6.400649498891456
20.000000000000004	6.426066008736711
11.999999999999996	6.432283429197019
12.000000000000004	6.4421512446327185
6.0	6.492379428917372
2.0000000000000004	6.634377969757653
6.000000000000007	6.640227429765889
20.000000000000007	6.649450944084398
6.0	6.652530072492052
6.000000000000001	6.697540903385943
2.0000000000000004	6.719664432059806
12.0	6.729889995865026
11.999999999999998	6.737982545944
20.00000000000001	6.742892158106328
11.999999999999991	6.7802462860927495
6.0000000000000036	6.788728518615505
2.0	6.912483601444956
19.999999999999996	6.9969557932675315
5.999999999999996	6.997005230267044
19.99999999999999	7.1527823845930865
30.000000000000018	7.166603073454419
12.000000000000002	7.181582663435484
12.0	7.198772845555842
5.999999999999998	7.283848945017892
6.000000000000006	7.285782340442026
19.999999999999993	7.437906654547234
41.99999999999987	7.8005776696699805
6.000000000000003	1.7763568394002505e-15
6.0	1.4023318939366334
6.000000000000002	1.4278898796147033
12.0	1.4289531431214808
5.999999999999999	2.049939864548983
5.999999999999999	2.135098202249073
6.000000000000001	2.251074238962019
6.0000000000000036	2.4789400590311357
6.000000000000001	2.5802984386041774
6.000000000000003	2.705350184051114
6.000000000000001	2.748414591796669
12.000000000000007	2.7782160615843257
5.999999999999999	2.80210737105016
5.999999999999999	2.931714127519113
5.999999999999997	3.077924031643641
6.0	3.122281307276716
6.000000000000002	3.1546020936953507
19.999999999999996	3.2439417110812814
11.999999999999998	3.250345495741443
11.999999999999995	3.2877473281114726
6.000000000000002	3.326426651856238
5.999999999999999	3.33501945349344
12.000000000000004	3.382392493017823
5.999999999999999	3.4488411616222665
5.999999999999999	3.500896809315869
5.999999999999998	3.5826817736616365
6.0	3.653090779356583
6.000000000000002	3.711810713864751
11.999999999999995	3.728753034576119
6.0	3.7746072019369143
6.000000000000001	3.850473423495684
5.999999999999997	3.882551103837482
12.0	3.8849431728301345
11.999999999999998	3.9011551270787743
6.000000000000003	4.0003815262137215
6.0	4.032469081087038
5.999999999999999	4.12444962464592
6.0	4.16804389263386
11.999999999999998	4.204961350162025
20.000000000000004	4.2062600259844265
6.000000000000002	4.210388160027105
12.000000000000004	4.23389544650177
6.0	4.260634247278557
6.000000000000002	4.303898885115989
12.0	4.311661551390093
6.000000000000002	4.317437633505775
5.999999999999999	4.346377230337344
5.999999999999998	4.419427017605591
11.999999999999998	4.441611515136815
5.999999999999999	4.493401851093035
12.0	4.5749647014925445
6.0	4.61762055857469
6.000000000000001	4.620368914474101
11.999999999999996	4.688782539393954
6.000000000000002	4.7477619866323595
6.000000000000001	4.774809140817037
12.000000000000004	4.783211805542935
12.0	4.80057766966998
5.999999999999999	4.843910912985277
5.999999999999995	4.846287759104745
19.999999999999993	4.8513382983299
5.999999999999999	4.884274792889268
12.0	4.922536719865489
6.000000000000001	4.934579318308599
5.999999999999999	4.967179161521631
6.0000000000000036	4.9803402515680295
5.999999999999999	4.995670171904587
12.000000000000007	5.00022744339728
20.0	5.007124677523718
11.999999999999996	5.046774604034375
5.999999999999999	5.111492545466472
6.0	5.173760874458414
6.000000000000002	5.183832021737758
12.000000000000004	5.209923837268232
6.000000000000002	5.225993960820101
12.0	5.289348152836384
6.000000000000002	5.346751444299808
20.000000000000007	5.369044142733725
11.999999999999996	5.381256247459768
20.000000000000004	5.387999321349934
6.000000000000002	5.4005267876117635
6.000000000000001	5.405466544534936
29.999999999999993	5.434552265885541
11.999999999999998	5.488350610533962
6.000000000000002	5.489937089938763
11.999999999999995	5.499246929875778
19.999999999999996	5.603654769932047
5.999999999999998	5.623335321336238
11.999999999999998	5.698576709956784
5.999999999999997	5.75121853667218
5.999999999999996	5.765927740624358
11.999999999999996	5.79050616984466
11.999999999999998	5.804880017064745
5.999999999999999	5.8666948215349555
6.000000000000002	5.938164939527802
12.000000000000004	5.952266648582908
19.999999999999996	5.9529353640388445
19.999999999999993	5.9803127907405225
12.000000000000007	6.040907913131088
6.000000000000003	6.0970670889518015
6.0	6.10581023650896
6.0	6.156887143796815
6.000000000000002	6.265160807724781
5.999999999999998	6.305854141325056
12.000000000000005	6.311490327863264
6.000000000000001	6.366745165059192
20.000000000000004	6.426066008736711
12.0	6.432283429197018
12.000000000000002	6.4421512446327185
6.000000000000001	6.4923794289173715
6.0	6.640227429765889
19.999999999999996	6.649450944084397
5.999999999999998	6.652530072492052
6.000000000000002	6.697540903385942
12.000000000000004	6.729889995865026
11.999999999999993	6.737982545944
20.00000000000001	6.742892158106328
11.999999999999996	6.780246286092749
6.000000000000002	6.788728518615505
19.999999999999996	6.996955793267534
5.999999999999997	6.9970052302670425
20.0	7.152782384593088
30.000000000000004	7.166603073454418
12.000000000000002	7.181582663435485
12.000000000000007	7.198772845555841
5.999999999999998	7.283848945017891
5.999999999999999	7.285782340442026
20.000000000000004	7.437906654547235
41.99999999999999	7.8005776696699805
12.0	1.42895314312148
12.0	2.7782160615843257
19.999999999999996	3.243941711081281
12.0	3.250345495741443
12.000000000000005	3.2877473281114717
12.0	3.3823924930178224
11.999999999999998	3.728753034576118
12.000000000000002	3.884943172830134
11.999999999999998	3.9011551270787748
12.000000000000002	4.204961350162024
20.0	4.206260025984426
12.000000000000002	4.233895446501769
12.000000000000004	4.311661551390093
11.999999999999996	4.441611515136815
12.000000000000004	4.5749647014925445
11.999999999999998	4.688782539393953
11.999999999999996	4.783211805542935
11.999999999999996	4.80057766966998
20.000000000000004	4.8513382983299
11.999999999999998	4.922536719865489
12.0	5.00022744339728
20.000000000000004	5.007124677523719
12.000000000000004	5.0467746040343755
11.999999999999998	5.209923837268232
12.000000000000002	5.289348152836383
20.000000000000004	5.369044142733725
11.999999999999998	5.381256247459768
19.999999999999996	5.387999321349934
30.000000000000007	5.43455226588554
11.999999999999998	5.488350610533963
11.999999999999998	5.499246929875778
19.999999999999993	5.603654769932047
12.000000000000002	5.698576709956784
12.0	5.79050616984466
11.999999999999998	5.804880017064745
11.999999999999996	5.952266648582908
20.000000000000004	5.952935364038845
20.000000000000004	5.9803127907405225
12.000000000000002	6.040907913131088
11.999999999999996	6.311490327863265
20.000000000000004	6.42606600873671
12.0	6.432283429197018
12.0	6.442151244632719
20.0	6.649450944084398
12.000000000000002	6.729889995865026
12.000000000000005	6.737982545943999
20.000000000000007	6.742892158106327
11.999999999999995	6.780246286092749
20.0	6.996955793267532
20.000000000000004	7.152782384593088
30.0	7.166603073454418
12.000000000000004	7.181582663435485
12.000000000000002	7.19877284555584
20.0	7.437906654547236
42.00000000000001	7.800577669669977
20.0	3.2439417110812814
20.0	4.206260025984426
19.999999999999996	4.851338298329899
20.000000000000007	5.007124677523718
20.0	5.369044142733725
20.0	5.387999321349935
30.000000000000007	5.434552265885541
20.0	5.603654769932046
19.999999999999993	5.952935364038845
20.000000000000004	5.980312790740523
20.000000000000004	6.426066008736711
19.999999999999996	6.649450944084398
20.000000000000004	6.742892158106328
20.0	6.996955793267533
20.000000000000004	7.15278238459309
30.000000000000007	7.16660307345442
19.999999999999993	7.437906654547235
41.99999999999999	7.80057766966998
30.0	5.434552265885541
30.000000000000004	7.166603073454418
42.00000000000001	7.80057766966998
42.0	7.80057766966998
